0 info it worked if it ends with ok
1 verbose cli [ '/usr/local/bin/node',
1 verbose cli   '/usr/local/bin/npm',
1 verbose cli   'install',
1 verbose cli   '--save-dev',
1 verbose cli   'gulpIf' ]
2 info using npm@2.15.1
3 info using node@v4.4.4
4 verbose install initial load of /Users/vanearochi/frontend-nanodegree-mobile-portfolio/views/package.json
5 warn package.json pizzeria@1.0.0 No description
6 warn package.json pizzeria@1.0.0 No repository field.
7 warn package.json pizzeria@1.0.0 No README data
8 verbose installManyTop reading scoped package data from /Users/vanearochi/frontend-nanodegree-mobile-portfolio/views/node_modules/gulp/package.json
9 verbose installManyTop reading scoped package data from /Users/vanearochi/frontend-nanodegree-mobile-portfolio/views/node_modules/gulp-uglify/package.json
10 verbose readDependencies loading dependencies from /Users/vanearochi/frontend-nanodegree-mobile-portfolio/views/package.json
11 silly cache add args [ 'gulpIf', null ]
12 verbose cache add spec gulpIf
13 silly cache add parsed spec Result {
13 silly cache add   raw: 'gulpIf',
13 silly cache add   scope: null,
13 silly cache add   name: 'gulpIf',
13 silly cache add   rawSpec: '',
13 silly cache add   spec: 'latest',
13 silly cache add   type: 'tag' }
14 silly addNamed gulpIf@latest
15 verbose addNamed "latest" is being treated as a dist-tag for gulpIf
16 info addNameTag [ 'gulpIf', 'latest' ]
17 silly mapToRegistry name gulpIf
18 silly mapToRegistry using default registry
19 silly mapToRegistry registry https://registry.npmjs.org/
20 silly mapToRegistry data Result {
20 silly mapToRegistry   raw: 'gulpIf',
20 silly mapToRegistry   scope: null,
20 silly mapToRegistry   name: 'gulpIf',
20 silly mapToRegistry   rawSpec: '',
20 silly mapToRegistry   spec: 'latest',
20 silly mapToRegistry   type: 'tag' }
21 silly mapToRegistry uri https://registry.npmjs.org/gulpIf
22 verbose addNameTag registry:https://registry.npmjs.org/gulpIf not in flight; fetching
23 verbose request uri https://registry.npmjs.org/gulpIf
24 verbose request no auth needed
25 info attempt registry request try #1 at 6:30:41 PM
26 verbose request id 8a15612428c920cb
27 http request GET https://registry.npmjs.org/gulpIf
28 http 404 https://registry.npmjs.org/gulpIf
29 verbose headers { 'content-type': 'application/json',
29 verbose headers   'cache-control': 'max-age=0',
29 verbose headers   'content-length': '2',
29 verbose headers   'accept-ranges': 'bytes',
29 verbose headers   date: 'Sat, 18 Jun 2016 01:30:41 GMT',
29 verbose headers   via: '1.1 varnish',
29 verbose headers   age: '0',
29 verbose headers   connection: 'keep-alive',
29 verbose headers   'x-served-by': 'cache-jfk1042-JFK',
29 verbose headers   'x-cache': 'MISS',
29 verbose headers   'x-cache-hits': '0',
29 verbose headers   'x-timer': 'S1466213440.955897,VS0,VE400',
29 verbose headers   vary: 'Accept-Encoding' }
30 silly get cb [ 404,
30 silly get   { 'content-type': 'application/json',
30 silly get     'cache-control': 'max-age=0',
30 silly get     'content-length': '2',
30 silly get     'accept-ranges': 'bytes',
30 silly get     date: 'Sat, 18 Jun 2016 01:30:41 GMT',
30 silly get     via: '1.1 varnish',
30 silly get     age: '0',
30 silly get     connection: 'keep-alive',
30 silly get     'x-served-by': 'cache-jfk1042-JFK',
30 silly get     'x-cache': 'MISS',
30 silly get     'x-cache-hits': '0',
30 silly get     'x-timer': 'S1466213440.955897,VS0,VE400',
30 silly get     vary: 'Accept-Encoding' } ]
31 verbose stack Error: Registry returned 404 for GET on https://registry.npmjs.org/gulpIf
31 verbose stack     at makeError (/usr/local/lib/node_modules/npm/node_modules/npm-registry-client/lib/request.js:264:12)
31 verbose stack     at CachingRegistryClient.<anonymous> (/usr/local/lib/node_modules/npm/node_modules/npm-registry-client/lib/request.js:242:14)
31 verbose stack     at Request._callback (/usr/local/lib/node_modules/npm/node_modules/npm-registry-client/lib/request.js:172:14)
31 verbose stack     at Request.self.callback (/usr/local/lib/node_modules/npm/node_modules/request/request.js:199:22)
31 verbose stack     at emitTwo (events.js:87:13)
31 verbose stack     at Request.emit (events.js:172:7)
31 verbose stack     at Request.<anonymous> (/usr/local/lib/node_modules/npm/node_modules/request/request.js:1036:10)
31 verbose stack     at emitOne (events.js:82:20)
31 verbose stack     at Request.emit (events.js:169:7)
31 verbose stack     at IncomingMessage.<anonymous> (/usr/local/lib/node_modules/npm/node_modules/request/request.js:963:12)
32 verbose statusCode 404
33 verbose pkgid gulpIf
34 verbose cwd /Users/vanearochi/frontend-nanodegree-mobile-portfolio/views
35 error Darwin 15.5.0
36 error argv "/usr/local/bin/node" "/usr/local/bin/npm" "install" "--save-dev" "gulpIf"
37 error node v4.4.4
38 error npm  v2.15.1
39 error code E404
40 error 404 Registry returned 404 for GET on https://registry.npmjs.org/gulpIf
40 error 404
40 error 404 'gulpIf' is not in the npm registry.
40 error 404 Your package name is not valid, because
40 error 404
40 error 404  1. name can no longer contain capital letters
40 error 404 It was specified as a dependency of 'pizzeria'
40 error 404
40 error 404 Note that you can also install from a
40 error 404 tarball, folder, http url, or git url.
41 verbose exit [ 1, true ]
